[92m[2021/01/30 13:41:34] [cmd] [D] [main:226] cmder alloc ok[0m
[92m[2021/01/30 13:41:34] [cmd] [D] [cmder_init:147] tb register[0m
[92m[2021/01/30 13:41:34] [cmd] [D] [main:230] cmder init ok[0m
[2021/01/30 13:41:34] [cmd] [t] [cmder_command_recv:161] recv 6
[92m[2021/01/30 13:41:34] [cmd] [D] [commnad_get:173] tab:ecmd-test[0m
[2021/01/30 13:41:34] [cmd] [t] [commnad_get:177] format check
[2021/01/30 13:41:34] [cmd] [t] [ecmds_format_check:58] prefix ok
[2021/01/30 13:41:34] [cmd] [t] [ecmds_format_check:72] postfix ok
[2021/01/30 13:41:34] [cmd] [t] [commnad_get:181] format check ok
[2021/01/30 13:41:34] [cmd] [t] [ecmds_match:83] ecmds match in len:6
[2021/01/30 13:41:34] [cmd] [t] [ecmds_match:89] code:17 need:6
[92m[2021/01/30 13:41:34] [cmd] [D] [ecmds_match:92] find[0m
[93m[2021/01/30 13:41:34] [cmd] [N] [ecmd_handler_dfg:36] dfg[0m
[2021/01/30 13:41:36] [cmd] [t] [cmder_command_recv:161] recv 6
[92m[2021/01/30 13:41:36] [cmd] [D] [commnad_get:173] tab:ecmd-test[0m
[2021/01/30 13:41:36] [cmd] [t] [commnad_get:177] format check
[2021/01/30 13:41:36] [cmd] [t] [ecmds_format_check:58] prefix ok
[2021/01/30 13:41:36] [cmd] [t] [ecmds_format_check:72] postfix ok
[2021/01/30 13:41:36] [cmd] [t] [commnad_get:181] format check ok
[2021/01/30 13:41:36] [cmd] [t] [ecmds_match:83] ecmds match in len:6
[2021/01/30 13:41:36] [cmd] [t] [ecmds_match:89] code:17 need:6
[92m[2021/01/30 13:41:36] [cmd] [D] [ecmds_match:92] find[0m
[93m[2021/01/30 13:41:36] [cmd] [N] [ecmd_handler_dfg:36] dfg[0m
[2021/01/30 13:41:38] [cmd] [t] [cmder_command_recv:161] recv 6
[92m[2021/01/30 13:41:38] [cmd] [D] [commnad_get:173] tab:ecmd-test[0m
[2021/01/30 13:41:38] [cmd] [t] [commnad_get:177] format check
[2021/01/30 13:41:38] [cmd] [t] [ecmds_format_check:58] prefix ok
[2021/01/30 13:41:38] [cmd] [t] [ecmds_format_check:72] postfix ok
[2021/01/30 13:41:38] [cmd] [t] [commnad_get:181] format check ok
[2021/01/30 13:41:38] [cmd] [t] [ecmds_match:83] ecmds match in len:6
[2021/01/30 13:41:38] [cmd] [t] [ecmds_match:89] code:17 need:6
[92m[2021/01/30 13:41:38] [cmd] [D] [ecmds_match:92] find[0m
[93m[2021/01/30 13:41:38] [cmd] [N] [ecmd_handler_dfg:36] dfg[0m
